<?xml version="1.0" encoding="UTF-8"?>
<!-- Generated by org.testng.reporters.JUnitXMLReporter -->
<testsuite ignored="0" hostname="DisNI" failures="1" tests="2" name="Default test" time="16.987" errors="0" timestamp="2023-10-23T23:25:51 IST">
  <testcase classname="io.cucumber.testng.AbstractTestNGCucumberTests" name="runScenario" time="6.229">
    <failure type="java.lang.NullPointerException" message="Cannot invoke &amp;quot;main.java.com.pojo.ekart.EkartPojo.gethome()&amp;quot; because &amp;quot;this.eLocator&amp;quot; is null">
      <![CDATA[java.lang.NullPointerException: Cannot invoke "main.java.com.pojo.ekart.EkartPojo.gethome()" because "this.eLocator" is null
at test.java.cucumber.StepDefination.HeaderMessage(StepDefination.java:86)
at ✽.I verify the HeaderMessage "ProtoCommerce Home"(file:///D:/Workspace/WebTesting/WebBasedTest/src/test/java/cucumber/eKartLogin.feature:13)
]]>
    </failure>
  </testcase> <!-- runScenario -->
  <testcase classname="io.cucumber.testng.AbstractTestNGCucumberTests" name="runScenario" time="10.158"/>
</testsuite> <!-- Default test -->
