<?xml version="1.0" encoding="UTF-8"?>
<!-- Generated by org.testng.reporters.JUnitXMLReporter -->
<testsuite ignored="0" hostname="DisNI" failures="1" tests="3" name="Test" time="67.047" errors="0" timestamp="2023-10-22T17:53:02 IST">
  <testcase classname="test.java.com.rsPage.loginPage" name="invalidLogin" time="8.562">
    <failure type="java.lang.AssertionError" message="expected [* Incorrect username or passwor] but found [* Incorrect username or password]">
      <![CDATA[java.lang.AssertionError: expected [* Incorrect username or passwor] but found [* Incorrect username or password]
at test.java.com.rsPage.loginPage.invalidLogin(loginPage.java:60)
at java.base/java.util.ArrayList.forEach(ArrayList.java:1511)
... Removed 33 stack frames]]>
    </failure>
  </testcase> <!-- invalidLogin -->
  <testcase classname="test.java.com.rsPage.loginPage" name="testLogin" time="9.933"/>
  <testcase classname="test.java.com.rsPage.loginPage" name="testPasswordReset" time="48.089"/>
</testsuite> <!-- Test -->
