<?xml version="1.0" encoding="UTF-8"?>
<testng-results ignored="0" total="1" passed="1" failed="0" skipped="0">
  <reporter-output>
  </reporter-output>
  <suite started-at="2023-10-27T19:18:04 IST" name="Default suite" finished-at="2023-10-27T19:18:12 IST" duration-ms="7484">
    <groups>
    </groups>
    <test started-at="2023-10-27T19:18:04 IST" name="Default test" finished-at="2023-10-27T19:18:12 IST" duration-ms="7484">
      <class name="test.java.com.amazon.loginPage">
        <test-method signature="login()[pri:0, instance:test.java.com.amazon.loginPage@7526515b]" started-at="2023-10-27T19:18:04 IST" name="login" finished-at="2023-10-27T19:18:12 IST" duration-ms="7431" status="PASS">
          <reporter-output>
          </reporter-output>
        </test-method> <!-- login -->
      </class> <!-- test.java.com.amazon.loginPage -->
    </test> <!-- Default test -->
  </suite> <!-- Default suite -->
</testng-results>
