<?xml version="1.0" encoding="UTF-8"?>
<!-- Generated by org.testng.reporters.JUnitReportReporter -->
<testsuite hostname="DisNI" failures="0" tests="2" name="test.java.cucumber.TestRun" time="16.387" errors="1" timestamp="2023-10-23T23:25:51 IST" skipped="0">
  <testcase classname="test.java.cucumber.TestRun" name="runScenario" time="6.229">
    <error message="Cannot invoke &quot;main.java.com.pojo.ekart.EkartPojo.gethome()&quot; because &quot;this.eLocator&quot; is null" type="java.lang.NullPointerException">
      <![CDATA[java.lang.NullPointerException: Cannot invoke "main.java.com.pojo.ekart.EkartPojo.gethome()" because "this.eLocator" is null
at test.java.cucumber.StepDefination.HeaderMessage(StepDefination.java:86)
at ✽.I verify the HeaderMessage "ProtoCommerce Home"(file:///D:/Workspace/WebTesting/WebBasedTest/src/test/java/cucumber/eKartLogin.feature:13)
]]>
    </error>
  </testcase> <!-- runScenario -->
  <testcase classname="test.java.cucumber.TestRun" name="runScenario" time="10.158"/>
</testsuite> <!-- test.java.cucumber.TestRun -->
